1947ms INFO  crawler.Contributor - Visiting.. Received web page at https://compscicenter.ru/
1955ms INFO  crawler.Contributor - Found 60 links
1958ms INFO  crawler.Contributor - Searching for the word Computer...
1963ms INFO  crawler.Contributor - Used 10 times
1963ms INFO  crawler.Contributor - Searching for the word Center...
1965ms INFO  crawler.Contributor - Used 4 times
2036ms INFO  crawler.Contributor - Visiting.. Received web page at https://compscicenter.ru/syllabus/on-campus/
2036ms INFO  crawler.Contributor - Found 44 links
2038ms INFO  crawler.Contributor - Searching for the word Computer...
2039ms INFO  crawler.Contributor - Used 5 times
2039ms INFO  crawler.Contributor - Searching for the word Center...
2040ms INFO  crawler.Contributor - Used 1 times
2100ms INFO  crawler.Contributor - Visiting.. Received web page at https://compscicenter.ru/courses/
2100ms INFO  crawler.Contributor - Found 31 links
2101ms INFO  crawler.Contributor - Searching for the word Computer...
2101ms INFO  crawler.Contributor - Used 1 times
2101ms INFO  crawler.Contributor - Searching for the word Center...
2101ms INFO  crawler.Contributor - Used 1 times
2164ms INFO  crawler.Contributor - Visiting.. Received web page at https://compscicenter.ru/online/
2165ms INFO  crawler.Contributor - Found 99 links
2170ms INFO  crawler.Contributor - Searching for the word Computer...
2171ms INFO  crawler.Contributor - Used 1 times
2171ms INFO  crawler.Contributor - Searching for the word Center...
2172ms INFO  crawler.Contributor - Used 1 times
2226ms INFO  crawler.Contributor - Visiting.. Received web page at https://compscicenter.ru/application/
2227ms INFO  crawler.Contributor - Found 37 links
2227ms INFO  crawler.Contributor - Searching for the word Computer...
2227ms INFO  crawler.Contributor - Used 1 times
2228ms INFO  crawler.Contributor - Searching for the word Center...
2228ms INFO  crawler.Contributor - Used 1 times
2279ms INFO  crawler.Contributor - Visiting.. Received web page at https://compscicenter.ru/history/
2280ms INFO  crawler.Contributor - Found 71 links
2281ms INFO  crawler.Contributor - Searching for the word Computer...
2283ms INFO  crawler.Contributor - Used 5 times
2283ms INFO  crawler.Contributor - Searching for the word Center...
2284ms INFO  crawler.Contributor - Used 3 times
2464ms INFO  crawler.Contributor - Visiting.. Received web page at https://my.compscicenter.ru/login/
2465ms INFO  crawler.Contributor - Found 9 links
2465ms INFO  crawler.Contributor - Searching for the word Computer...
2465ms INFO  crawler.Contributor - Used 1 times
2465ms INFO  crawler.Contributor - Searching for the word Center...
2466ms INFO  crawler.Contributor - Used 1 times
2544ms INFO  crawler.Contributor - Visiting.. Received web page at https://compscicenter.ru/#top-menu-item-3
2546ms INFO  crawler.Contributor - Found 60 links
2547ms INFO  crawler.Contributor - Searching for the word Computer...
2549ms INFO  crawler.Contributor - Used 10 times
2549ms INFO  crawler.Contributor - Searching for the word Center...
2550ms INFO  crawler.Contributor - Used 4 times
2686ms INFO  crawler.Contributor - Visiting.. Received web page at https://code.stepik.org/
2686ms INFO  crawler.Contributor - Found 10 links
2686ms INFO  crawler.Contributor - Searching for the word Computer...
2687ms INFO  crawler.Contributor - Used 9 times
2687ms INFO  crawler.Contributor - Searching for the word Center...
2687ms INFO  crawler.Contributor - Used 0 times
2733ms INFO  crawler.Contributor - Visiting.. Received web page at https://compscicenter.ru/videos/
2734ms INFO  crawler.Contributor - Found 34 links
2734ms INFO  crawler.Contributor - Searching for the word Computer...
2734ms INFO  crawler.Contributor - Used 1 times
2734ms INFO  crawler.Contributor - Searching for the word Center...
2734ms INFO  crawler.Contributor - Used 1 times
2804ms INFO  crawler.Contributor - Visiting.. Received web page at https://compscicenter.ru/#top-menu-item-4
2804ms INFO  crawler.Contributor - Found 60 links
2805ms INFO  crawler.Contributor - Searching for the word Computer...
2806ms INFO  crawler.Contributor - Used 10 times
2806ms INFO  crawler.Contributor - Searching for the word Center...
2806ms INFO  crawler.Contributor - Used 4 times
2851ms INFO  crawler.Contributor - Visiting.. Received web page at https://compscicenter.ru/enrollment/checklist/
2851ms INFO  crawler.Contributor - Found 40 links
2851ms INFO  crawler.Contributor - Searching for the word Computer...
2852ms INFO  crawler.Contributor - Used 1 times
2852ms INFO  crawler.Contributor - Searching for the word Center...
2852ms INFO  crawler.Contributor - Used 1 times
2895ms INFO  crawler.Contributor - Visiting.. Received web page at https://compscicenter.ru/enrollment/program/
2895ms INFO  crawler.Contributor - Found 35 links
2896ms INFO  crawler.Contributor - Searching for the word Computer...
2896ms INFO  crawler.Contributor - Used 1 times
2896ms INFO  crawler.Contributor - Searching for the word Center...
2896ms INFO  crawler.Contributor - Used 1 times
2955ms INFO  crawler.Contributor - Visiting.. Received web page at https://compscicenter.ru/faq/
2955ms INFO  crawler.Contributor - Found 45 links
2955ms INFO  crawler.Contributor - Searching for the word Computer...
2956ms INFO  crawler.Contributor - Used 1 times
2956ms INFO  crawler.Contributor - Searching for the word Center...
2956ms INFO  crawler.Contributor - Used 1 times
3028ms INFO  crawler.Contributor - Visiting.. Received web page at https://compscicenter.ru/#top-menu-item-5
3029ms INFO  crawler.Contributor - Found 60 links
3030ms INFO  crawler.Contributor - Searching for the word Computer...
3031ms INFO  crawler.Contributor - Used 10 times
3031ms INFO  crawler.Contributor - Searching for the word Center...
3032ms INFO  crawler.Contributor - Used 4 times
3084ms INFO  crawler.Contributor - Visiting.. Received web page at https://compscicenter.ru/team/
3084ms INFO  crawler.Contributor - Found 37 links
3084ms INFO  crawler.Contributor - Searching for the word Computer...
3085ms INFO  crawler.Contributor - Used 1 times
3085ms INFO  crawler.Contributor - Searching for the word Center...
3085ms INFO  crawler.Contributor - Used 1 times
3132ms INFO  crawler.Contributor - Visiting.. Received web page at https://compscicenter.ru/teachers/
3132ms INFO  crawler.Contributor - Found 36 links
3132ms INFO  crawler.Contributor - Searching for the word Computer...
3133ms INFO  crawler.Contributor - Used 1 times
3133ms INFO  crawler.Contributor - Searching for the word Center...
3133ms INFO  crawler.Contributor - Used 1 times
3184ms INFO  crawler.Contributor - Visiting.. Received web page at https://compscicenter.ru/alumni/
3185ms INFO  crawler.Contributor - Found 36 links
3185ms INFO  crawler.Contributor - Searching for the word Computer...
3185ms INFO  crawler.Contributor - Used 1 times
3185ms INFO  crawler.Contributor - Searching for the word Center...
3185ms INFO  crawler.Contributor - Used 1 times
3238ms INFO  crawler.Contributor - Visiting.. Received web page at https://compscicenter.ru/testimonials/
3238ms INFO  crawler.Contributor - Found 36 links
3238ms INFO  crawler.Contributor - Searching for the word Computer...
3238ms INFO  crawler.Contributor - Used 1 times
3238ms INFO  crawler.Contributor - Searching for the word Center...
3239ms INFO  crawler.Contributor - Used 1 times
3313ms INFO  crawler.Contributor - Visiting.. Received web page at https://compscicenter.ru/syllabus/on-campus/se/
3314ms INFO  crawler.Contributor - Found 50 links
3314ms INFO  crawler.Contributor - Searching for the word Computer...
3314ms INFO  crawler.Contributor - Used 2 times
3314ms INFO  crawler.Contributor - Searching for the word Center...
3315ms INFO  crawler.Contributor - Used 1 times
3389ms INFO  crawler.Contributor - Visiting.. Received web page at https://compscicenter.ru/syllabus/on-campus/ds/
3390ms INFO  crawler.Contributor - Found 46 links
3390ms INFO  crawler.Contributor - Searching for the word Computer...
3391ms INFO  crawler.Contributor - Used 2 times
3391ms INFO  crawler.Contributor - Searching for the word Center...
3392ms INFO  crawler.Contributor - Used 1 times
3465ms INFO  crawler.Contributor - Visiting.. Received web page at https://compscicenter.ru/syllabus/on-campus/cs/
3466ms INFO  crawler.Contributor - Found 42 links
3466ms INFO  crawler.Contributor - Searching for the word Computer...
3467ms INFO  crawler.Contributor - Used 4 times
3467ms INFO  crawler.Contributor - Searching for the word Center...
3468ms INFO  crawler.Contributor - Used 2 times
4881ms INFO  crawler.Contributor - Visiting.. Received web page at https://jetbrains.ru/students
4881ms INFO  crawler.Contributor - Found 42 links
4882ms INFO  crawler.Contributor - Searching for the word Computer...
4882ms INFO  crawler.Contributor - Used 3 times
4882ms INFO  crawler.Contributor - Searching for the word Center...
4883ms INFO  crawler.Contributor - Used 2 times
5085ms INFO  crawler.Contributor - Visiting.. Received web page at https://yandexdataschool.ru/
5085ms INFO  crawler.Contributor - Found 42 links
5086ms INFO  crawler.Contributor - Searching for the word Computer...
5086ms INFO  crawler.Contributor - Used 3 times
5086ms INFO  crawler.Contributor - Searching for the word Center...
5086ms INFO  crawler.Contributor - Used 2 times
5226ms INFO  crawler.Contributor - Visiting.. Received web page at http://239.ru/
5227ms INFO  crawler.Contributor - Found 102 links
5228ms INFO  crawler.Contributor - Searching for the word Computer...
5229ms INFO  crawler.Contributor - Used 0 times
5229ms INFO  crawler.Contributor - Searching for the word Center...
5230ms INFO  crawler.Contributor - Used 0 times
5407ms INFO  crawler.Contributor - Visiting.. Received web page at https://compsciclub.ru/
5407ms INFO  crawler.Contributor - Found 19 links
5407ms INFO  crawler.Contributor - Searching for the word Computer...
5408ms INFO  crawler.Contributor - Used 3 times
5408ms INFO  crawler.Contributor - Searching for the word Center...
5408ms INFO  crawler.Contributor - Used 0 times
5469ms INFO  crawler.Contributor - Visiting.. Received web page at https://compscicenter.ru/mse-itmo-admission-2020/
5470ms INFO  crawler.Contributor - Found 39 links
5470ms INFO  crawler.Contributor - Searching for the word Computer...
5471ms INFO  crawler.Contributor - Used 2 times
5471ms INFO  crawler.Contributor - Searching for the word Center...
5471ms INFO  crawler.Contributor - Used 2 times
5674ms INFO  crawler.Contributor - Visiting.. Received web page at https://spb.hse.ru/ba/appmath
5675ms INFO  crawler.Contributor - Found 197 links
5677ms INFO  crawler.Contributor - Searching for the word Computer...
5679ms INFO  crawler.Contributor - Used 0 times
5679ms INFO  crawler.Contributor - Searching for the word Center...
5682ms INFO  crawler.Contributor - Used 0 times
5741ms INFO  crawler.Contributor - Visiting.. Received web page at https://compscicenter.ru/hse-admission-2020/
5741ms INFO  crawler.Contributor - Found 39 links
5741ms INFO  crawler.Contributor - Searching for the word Computer...
5742ms INFO  crawler.Contributor - Used 2 times
5742ms INFO  crawler.Contributor - Searching for the word Center...
5742ms INFO  crawler.Contributor - Used 1 times
5798ms INFO  crawler.Contributor - Visiting.. Received web page at https://compscicenter.ru/data-analysis-itmo-2020/
5798ms INFO  crawler.Contributor - Found 32 links
5798ms INFO  crawler.Contributor - Searching for the word Computer...
5799ms INFO  crawler.Contributor - Used 2 times
5799ms INFO  crawler.Contributor - Searching for the word Center...
5799ms INFO  crawler.Contributor - Used 2 times
5803ms INFO  crawler.Disposer - Done! Visited 30 web page(s)
