1959ms INFO  crawler.Acolyte - Visiting.. Received web page at https://compscicenter.ru/
1967ms INFO  crawler.Acolyte - Found 60 links
1969ms INFO  crawler.Acolyte - Searching for the word Computer...
1977ms INFO  crawler.Acolyte - Used 9 times
1977ms INFO  crawler.Acolyte - Searching for the word Center...
1978ms INFO  crawler.Acolyte - Used 4 times
2043ms INFO  crawler.Acolyte - Visiting.. Received web page at https://compscicenter.ru/syllabus/on-campus/
2043ms INFO  crawler.Acolyte - Found 44 links
2046ms INFO  crawler.Acolyte - Searching for the word Computer...
2047ms INFO  crawler.Acolyte - Used 5 times
2047ms INFO  crawler.Acolyte - Searching for the word Center...
2048ms INFO  crawler.Acolyte - Used 1 times
2104ms INFO  crawler.Acolyte - Visiting.. Received web page at https://compscicenter.ru/courses/
2104ms INFO  crawler.Acolyte - Found 31 links
2105ms INFO  crawler.Acolyte - Searching for the word Computer...
2105ms INFO  crawler.Acolyte - Used 1 times
2105ms INFO  crawler.Acolyte - Searching for the word Center...
2105ms INFO  crawler.Acolyte - Used 1 times
2165ms INFO  crawler.Acolyte - Visiting.. Received web page at https://compscicenter.ru/online/
2166ms INFO  crawler.Acolyte - Found 99 links
2171ms INFO  crawler.Acolyte - Searching for the word Computer...
2173ms INFO  crawler.Acolyte - Used 1 times
2173ms INFO  crawler.Acolyte - Searching for the word Center...
2174ms INFO  crawler.Acolyte - Used 1 times
2225ms INFO  crawler.Acolyte - Visiting.. Received web page at https://compscicenter.ru/application/
2226ms INFO  crawler.Acolyte - Found 37 links
2226ms INFO  crawler.Acolyte - Searching for the word Computer...
2227ms INFO  crawler.Acolyte - Used 1 times
2227ms INFO  crawler.Acolyte - Searching for the word Center...
2228ms INFO  crawler.Acolyte - Used 1 times
2271ms INFO  crawler.Acolyte - Visiting.. Received web page at https://compscicenter.ru/history/
2272ms INFO  crawler.Acolyte - Found 71 links
2272ms INFO  crawler.Acolyte - Searching for the word Computer...
2273ms INFO  crawler.Acolyte - Used 5 times
2273ms INFO  crawler.Acolyte - Searching for the word Center...
2275ms INFO  crawler.Acolyte - Used 3 times
2461ms INFO  crawler.Acolyte - Visiting.. Received web page at https://my.compscicenter.ru/login/
2462ms INFO  crawler.Acolyte - Found 9 links
2462ms INFO  crawler.Acolyte - Searching for the word Computer...
2462ms INFO  crawler.Acolyte - Used 1 times
2462ms INFO  crawler.Acolyte - Searching for the word Center...
2463ms INFO  crawler.Acolyte - Used 1 times
2533ms INFO  crawler.Acolyte - Visiting.. Received web page at https://compscicenter.ru/#top-menu-item-3
2533ms INFO  crawler.Acolyte - Found 60 links
2534ms INFO  crawler.Acolyte - Searching for the word Computer...
2535ms INFO  crawler.Acolyte - Used 9 times
2535ms INFO  crawler.Acolyte - Searching for the word Center...
2535ms INFO  crawler.Acolyte - Used 4 times
2676ms INFO  crawler.Acolyte - Visiting.. Received web page at https://code.stepik.org/
2676ms INFO  crawler.Acolyte - Found 10 links
2676ms INFO  crawler.Acolyte - Searching for the word Computer...
2677ms INFO  crawler.Acolyte - Used 9 times
2677ms INFO  crawler.Acolyte - Searching for the word Center...
2677ms INFO  crawler.Acolyte - Used 0 times
2717ms INFO  crawler.Acolyte - Visiting.. Received web page at https://compscicenter.ru/videos/
2717ms INFO  crawler.Acolyte - Found 34 links
2718ms INFO  crawler.Acolyte - Searching for the word Computer...
2718ms INFO  crawler.Acolyte - Used 1 times
2718ms INFO  crawler.Acolyte - Searching for the word Center...
2718ms INFO  crawler.Acolyte - Used 1 times
2784ms INFO  crawler.Acolyte - Visiting.. Received web page at https://compscicenter.ru/#top-menu-item-4
2785ms INFO  crawler.Acolyte - Found 60 links
2785ms INFO  crawler.Acolyte - Searching for the word Computer...
2786ms INFO  crawler.Acolyte - Used 9 times
2786ms INFO  crawler.Acolyte - Searching for the word Center...
2786ms INFO  crawler.Acolyte - Used 4 times
2833ms INFO  crawler.Acolyte - Visiting.. Received web page at https://compscicenter.ru/enrollment/checklist/
2833ms INFO  crawler.Acolyte - Found 40 links
2834ms INFO  crawler.Acolyte - Searching for the word Computer...
2834ms INFO  crawler.Acolyte - Used 1 times
2834ms INFO  crawler.Acolyte - Searching for the word Center...
2834ms INFO  crawler.Acolyte - Used 1 times
2874ms INFO  crawler.Acolyte - Visiting.. Received web page at https://compscicenter.ru/enrollment/program/
2875ms INFO  crawler.Acolyte - Found 35 links
2875ms INFO  crawler.Acolyte - Searching for the word Computer...
2875ms INFO  crawler.Acolyte - Used 1 times
2875ms INFO  crawler.Acolyte - Searching for the word Center...
2875ms INFO  crawler.Acolyte - Used 1 times
2926ms INFO  crawler.Acolyte - Visiting.. Received web page at https://compscicenter.ru/faq/
2927ms INFO  crawler.Acolyte - Found 45 links
2927ms INFO  crawler.Acolyte - Searching for the word Computer...
2927ms INFO  crawler.Acolyte - Used 1 times
2927ms INFO  crawler.Acolyte - Searching for the word Center...
2928ms INFO  crawler.Acolyte - Used 1 times
2997ms INFO  crawler.Acolyte - Visiting.. Received web page at https://compscicenter.ru/#top-menu-item-5
2997ms INFO  crawler.Acolyte - Found 60 links
2998ms INFO  crawler.Acolyte - Searching for the word Computer...
2999ms INFO  crawler.Acolyte - Used 9 times
2999ms INFO  crawler.Acolyte - Searching for the word Center...
3000ms INFO  crawler.Acolyte - Used 4 times
3041ms INFO  crawler.Acolyte - Visiting.. Received web page at https://compscicenter.ru/team/
3042ms INFO  crawler.Acolyte - Found 37 links
3042ms INFO  crawler.Acolyte - Searching for the word Computer...
3042ms INFO  crawler.Acolyte - Used 1 times
3042ms INFO  crawler.Acolyte - Searching for the word Center...
3042ms INFO  crawler.Acolyte - Used 1 times
3083ms INFO  crawler.Acolyte - Visiting.. Received web page at https://compscicenter.ru/teachers/
3083ms INFO  crawler.Acolyte - Found 36 links
3083ms INFO  crawler.Acolyte - Searching for the word Computer...
3083ms INFO  crawler.Acolyte - Used 1 times
3083ms INFO  crawler.Acolyte - Searching for the word Center...
3083ms INFO  crawler.Acolyte - Used 1 times
3132ms INFO  crawler.Acolyte - Visiting.. Received web page at https://compscicenter.ru/alumni/
3132ms INFO  crawler.Acolyte - Found 36 links
3133ms INFO  crawler.Acolyte - Searching for the word Computer...
3133ms INFO  crawler.Acolyte - Used 1 times
3133ms INFO  crawler.Acolyte - Searching for the word Center...
3133ms INFO  crawler.Acolyte - Used 1 times
3186ms INFO  crawler.Acolyte - Visiting.. Received web page at https://compscicenter.ru/testimonials/
3186ms INFO  crawler.Acolyte - Found 36 links
3186ms INFO  crawler.Acolyte - Searching for the word Computer...
3186ms INFO  crawler.Acolyte - Used 1 times
3186ms INFO  crawler.Acolyte - Searching for the word Center...
3187ms INFO  crawler.Acolyte - Used 1 times
3256ms INFO  crawler.Acolyte - Visiting.. Received web page at https://compscicenter.ru/syllabus/on-campus/se/
3256ms INFO  crawler.Acolyte - Found 50 links
3257ms INFO  crawler.Acolyte - Searching for the word Computer...
3257ms INFO  crawler.Acolyte - Used 2 times
3257ms INFO  crawler.Acolyte - Searching for the word Center...
3258ms INFO  crawler.Acolyte - Used 1 times
3258ms INFO  crawler.Disposer - Done! Visited 20 web page(s)
9362ms INFO  crawler.Acolyte - Visiting.. Received web page at https://compscicenter.ru/
9372ms INFO  crawler.Acolyte - Found 60 links
9375ms INFO  crawler.Acolyte - Searching for the word Computer...
9380ms INFO  crawler.Acolyte - Used 8 times
9380ms INFO  crawler.Acolyte - Searching for the word Center...
9382ms INFO  crawler.Acolyte - Used 3 times
9459ms INFO  crawler.Acolyte - Visiting.. Received web page at https://compscicenter.ru/syllabus/on-campus/
9460ms INFO  crawler.Acolyte - Found 44 links
9462ms INFO  crawler.Acolyte - Searching for the word Computer...
9463ms INFO  crawler.Acolyte - Used 5 times
9463ms INFO  crawler.Acolyte - Searching for the word Center...
9464ms INFO  crawler.Acolyte - Used 1 times
9521ms INFO  crawler.Acolyte - Visiting.. Received web page at https://compscicenter.ru/courses/
9522ms INFO  crawler.Acolyte - Found 31 links
9522ms INFO  crawler.Acolyte - Searching for the word Computer...
9522ms INFO  crawler.Acolyte - Used 1 times
9522ms INFO  crawler.Acolyte - Searching for the word Center...
9523ms INFO  crawler.Acolyte - Used 1 times
9588ms INFO  crawler.Acolyte - Visiting.. Received web page at https://compscicenter.ru/online/
9589ms INFO  crawler.Acolyte - Found 99 links
9591ms INFO  crawler.Acolyte - Searching for the word Computer...
9591ms INFO  crawler.Acolyte - Used 1 times
9591ms INFO  crawler.Acolyte - Searching for the word Center...
9592ms INFO  crawler.Acolyte - Used 1 times
9648ms INFO  crawler.Acolyte - Visiting.. Received web page at https://compscicenter.ru/application/
9648ms INFO  crawler.Acolyte - Found 37 links
9649ms INFO  crawler.Acolyte - Searching for the word Computer...
9649ms INFO  crawler.Acolyte - Used 1 times
9649ms INFO  crawler.Acolyte - Searching for the word Center...
9649ms INFO  crawler.Acolyte - Used 1 times
9696ms INFO  crawler.Acolyte - Visiting.. Received web page at https://compscicenter.ru/history/
9696ms INFO  crawler.Acolyte - Found 71 links
9697ms INFO  crawler.Acolyte - Searching for the word Computer...
9698ms INFO  crawler.Acolyte - Used 5 times
9698ms INFO  crawler.Acolyte - Searching for the word Center...
9698ms INFO  crawler.Acolyte - Used 3 times
9908ms INFO  crawler.Acolyte - Visiting.. Received web page at https://my.compscicenter.ru/login/
9909ms INFO  crawler.Acolyte - Found 9 links
9909ms INFO  crawler.Acolyte - Searching for the word Computer...
9910ms INFO  crawler.Acolyte - Used 1 times
9910ms INFO  crawler.Acolyte - Searching for the word Center...
9910ms INFO  crawler.Acolyte - Used 1 times
9985ms INFO  crawler.Acolyte - Visiting.. Received web page at https://compscicenter.ru/#top-menu-item-3
9986ms INFO  crawler.Acolyte - Found 60 links
9986ms INFO  crawler.Acolyte - Searching for the word Computer...
9987ms INFO  crawler.Acolyte - Used 8 times
9987ms INFO  crawler.Acolyte - Searching for the word Center...
9989ms INFO  crawler.Acolyte - Used 3 times
10334ms INFO  crawler.Acolyte - Visiting.. Received web page at https://code.stepik.org/
10335ms INFO  crawler.Acolyte - Found 10 links
10335ms INFO  crawler.Acolyte - Searching for the word Computer...
10336ms INFO  crawler.Acolyte - Used 9 times
10336ms INFO  crawler.Acolyte - Searching for the word Center...
10337ms INFO  crawler.Acolyte - Used 0 times
10384ms INFO  crawler.Acolyte - Visiting.. Received web page at https://compscicenter.ru/videos/
10384ms INFO  crawler.Acolyte - Found 34 links
10384ms INFO  crawler.Acolyte - Searching for the word Computer...
10384ms INFO  crawler.Acolyte - Used 1 times
10384ms INFO  crawler.Acolyte - Searching for the word Center...
10385ms INFO  crawler.Acolyte - Used 1 times
10456ms INFO  crawler.Acolyte - Visiting.. Received web page at https://compscicenter.ru/#top-menu-item-4
10457ms INFO  crawler.Acolyte - Found 60 links
10458ms INFO  crawler.Acolyte - Searching for the word Computer...
10458ms INFO  crawler.Acolyte - Used 8 times
10458ms INFO  crawler.Acolyte - Searching for the word Center...
10459ms INFO  crawler.Acolyte - Used 3 times
10504ms INFO  crawler.Acolyte - Visiting.. Received web page at https://compscicenter.ru/enrollment/checklist/
10505ms INFO  crawler.Acolyte - Found 40 links
10505ms INFO  crawler.Acolyte - Searching for the word Computer...
10505ms INFO  crawler.Acolyte - Used 1 times
10505ms INFO  crawler.Acolyte - Searching for the word Center...
10506ms INFO  crawler.Acolyte - Used 1 times
10552ms INFO  crawler.Acolyte - Visiting.. Received web page at https://compscicenter.ru/enrollment/program/
10552ms INFO  crawler.Acolyte - Found 35 links
10553ms INFO  crawler.Acolyte - Searching for the word Computer...
10553ms INFO  crawler.Acolyte - Used 1 times
10553ms INFO  crawler.Acolyte - Searching for the word Center...
10553ms INFO  crawler.Acolyte - Used 1 times
10606ms INFO  crawler.Acolyte - Visiting.. Received web page at https://compscicenter.ru/faq/
10607ms INFO  crawler.Acolyte - Found 45 links
10607ms INFO  crawler.Acolyte - Searching for the word Computer...
10607ms INFO  crawler.Acolyte - Used 1 times
10607ms INFO  crawler.Acolyte - Searching for the word Center...
10608ms INFO  crawler.Acolyte - Used 1 times
10682ms INFO  crawler.Acolyte - Visiting.. Received web page at https://compscicenter.ru/#top-menu-item-5
10683ms INFO  crawler.Acolyte - Found 60 links
10684ms INFO  crawler.Acolyte - Searching for the word Computer...
10685ms INFO  crawler.Acolyte - Used 8 times
10685ms INFO  crawler.Acolyte - Searching for the word Center...
10686ms INFO  crawler.Acolyte - Used 3 times
10732ms INFO  crawler.Acolyte - Visiting.. Received web page at https://compscicenter.ru/team/
10732ms INFO  crawler.Acolyte - Found 37 links
10733ms INFO  crawler.Acolyte - Searching for the word Computer...
10733ms INFO  crawler.Acolyte - Used 1 times
10733ms INFO  crawler.Acolyte - Searching for the word Center...
10733ms INFO  crawler.Acolyte - Used 1 times
10781ms INFO  crawler.Acolyte - Visiting.. Received web page at https://compscicenter.ru/teachers/
10783ms INFO  crawler.Acolyte - Found 36 links
10784ms INFO  crawler.Acolyte - Searching for the word Computer...
10784ms INFO  crawler.Acolyte - Used 1 times
10784ms INFO  crawler.Acolyte - Searching for the word Center...
10784ms INFO  crawler.Acolyte - Used 1 times
10838ms INFO  crawler.Acolyte - Visiting.. Received web page at https://compscicenter.ru/alumni/
10838ms INFO  crawler.Acolyte - Found 36 links
10839ms INFO  crawler.Acolyte - Searching for the word Computer...
10839ms INFO  crawler.Acolyte - Used 1 times
10839ms INFO  crawler.Acolyte - Searching for the word Center...
10839ms INFO  crawler.Acolyte - Used 1 times
10892ms INFO  crawler.Acolyte - Visiting.. Received web page at https://compscicenter.ru/testimonials/
10892ms INFO  crawler.Acolyte - Found 36 links
10893ms INFO  crawler.Acolyte - Searching for the word Computer...
10893ms INFO  crawler.Acolyte - Used 1 times
10893ms INFO  crawler.Acolyte - Searching for the word Center...
10893ms INFO  crawler.Acolyte - Used 1 times
10970ms INFO  crawler.Acolyte - Visiting.. Received web page at https://compscicenter.ru/syllabus/on-campus/se/
10971ms INFO  crawler.Acolyte - Found 50 links
10971ms INFO  crawler.Acolyte - Searching for the word Computer...
10971ms INFO  crawler.Acolyte - Used 2 times
10971ms INFO  crawler.Acolyte - Searching for the word Center...
10971ms INFO  crawler.Acolyte - Used 1 times
10972ms INFO  crawler.Disposer - Done! Visited 20 web page(s)
